<?xml version="1.0" encoding="UTF-8"?>
<!-- Generated by org.testng.reporters.JUnitReportReporter -->
<testsuite hostname="DESKTOP-JRR75V4" failures="0" tests="1" name="utils.MySQLDBConnection" time="1.603" errors="0" timestamp="2024-10-08T02:01:24 IST" skipped="0">
  <testcase classname="utils.MySQLDBConnection" name="TestDataCheck2" time="1.603"/>
  <system-out/>
</testsuite> <!-- utils.MySQLDBConnection -->
